{
  code: 'EREQUEST',
  originalError: Error: Violation of PRIMARY KEY constraint 'PK__StudentD__32C52B99F9C661D5'. Cannot insert duplicate key in object 'dbo.StudentDetails'. The duplicate key value is (159103091).
      at handleError (F:\Celebal Intern\NodeJs\26-Aug\API\node_modules\mssql\lib\tedious\request.js:736:19)
      at Connection.emit (node:events:513:28)
      at Connection.emit (F:\Celebal Intern\NodeJs\26-Aug\API\node_modules\tedious\lib\connection.js:1048:18)
      at RequestTokenHandler.onErrorMessage (F:\Celebal Intern\NodeJs\26-Aug\API\node_modules\tedious\lib\token\handler.js:365:21)
      at Readable.<anonymous> (F:\Celebal Intern\NodeJs\26-Aug\API\node_modules\tedious\lib\token\token-stream-parser.js:26:33)
      at Readable.emit (node:events:513:28)
      at addChunk (node:internal/streams/readable:315:12)
      at readableAddChunk (node:internal/streams/readable:289:9)
      at Readable.push (node:internal/streams/readable:228:10)
      at next (node:internal/streams/from:98:31) {
    info: ErrorMessageToken {
      name: 'ERROR',
      handlerName: 'onErrorMessage',
      number: 2627,
      state: 1,
      class: 14,
      message: "Violation of PRIMARY KEY constraint 'PK__StudentD__32C52B99F9C661D5'. Cannot insert duplicate key in object 'dbo.StudentDetails'. The duplicate key value is (159103091).",
      serverName: 'DESKTOP-IPSCV5H\\SPARTA',
      procName: 'insertIntoStudentDetails',
      lineNumber: 10
    }
  },
  name: 'RequestError',
  number: 2627,
  lineNumber: 10,
  state: 1,
  class: 14,
  serverName: 'DESKTOP-IPSCV5H\\SPARTA',
  procName: 'insertIntoStudentDetails',
  precedingErrors: [],
  level: 'error',
  timestamp: '2022-08-30T10:17:03.865Z'
}
{
  code: 'EREQUEST',
  originalError: Error: String or binary data would be truncated in table 'practice.dbo.StudentDetails', column 'StudentName'. Truncated value: 'Mrinal Malhotra and '.
      at handleError (F:\Celebal Intern\NodeJs\26-Aug\API\node_modules\mssql\lib\tedious\request.js:382:19)
      at Connection.emit (node:events:513:28)
      at Connection.emit (F:\Celebal Intern\NodeJs\26-Aug\API\node_modules\tedious\lib\connection.js:1048:18)
      at RequestTokenHandler.onErrorMessage (F:\Celebal Intern\NodeJs\26-Aug\API\node_modules\tedious\lib\token\handler.js:365:21)
      at Readable.<anonymous> (F:\Celebal Intern\NodeJs\26-Aug\API\node_modules\tedious\lib\token\token-stream-parser.js:26:33)
      at Readable.emit (node:events:513:28)
      at addChunk (node:internal/streams/readable:315:12)
      at readableAddChunk (node:internal/streams/readable:289:9)
      at Readable.push (node:internal/streams/readable:228:10)
      at next (node:internal/streams/from:98:31) {
    info: ErrorMessageToken {
      name: 'ERROR',
      handlerName: 'onErrorMessage',
      number: 2628,
      state: 1,
      class: 16,
      message: "String or binary data would be truncated in table 'practice.dbo.StudentDetails', column 'StudentName'. Truncated value: 'Mrinal Malhotra and '.",
      serverName: 'DESKTOP-IPSCV5H\\SPARTA',
      procName: '',
      lineNumber: 1
    }
  },
  name: 'RequestError',
  number: 2628,
  lineNumber: 1,
  state: 1,
  class: 16,
  serverName: 'DESKTOP-IPSCV5H\\SPARTA',
  procName: '',
  precedingErrors: [],
  level: 'error',
  timestamp: '2022-08-30T10:22:28.905Z'
}
